<?xml version="1.0" encoding="UTF-8"?>
<testsuite xmlns:xsi="http://www.w3.org/2001/XMLSchema-instance" xsi:noNamespaceSchemaLocation="https://maven.apache.org/surefire/maven-surefire-plugin/xsd/surefire-test-report.xsd" name="TestSuite" time="59.365" tests="1" errors="0" skipped="0" failures="1">
  <properties>
[...]
</properties>
  <testcase name="runScenario" classname="cucumberOptions.TestNGTestRunner" time="56.729">
    <failure message="stale element reference: stale element not found&#10;  (Session info: MicrosoftEdge=115.0.1901.203)&#10;For documentation on this error, please visit: https://www.selenium.dev/documentation/webdriver/troubleshooting/errors#stale-element-reference-exception&#10;Build info: version: &apos;4.11.0&apos;, revision: &apos;040bc5406b&apos;&#10;System info: os.name: &apos;Windows 11&apos;, os.arch: &apos;amd64&apos;, os.version: &apos;10.0&apos;, java.version: &apos;17.0.8&apos;&#10;Driver info: org.openqa.selenium.edge.EdgeDriver&#10;Command: [b57d87a296b1f3e05f81825ce64f7b11, clickElement {id=F3322D8E7AEAE64D36AB9FA5BDED42D0_element_45}]&#10;Capabilities {acceptInsecureCerts: false, browserName: msedge, browserVersion: 115.0.1901.203, ms:edgeOptions: {debuggerAddress: localhost:53235}, msedge: {msedgedriverVersion: 115.0.1901.203 (a5a2b1779bc..., userDataDir: C:\Users\SUJITH~1\AppData\L...}, networkConnectionEnabled: false, pageLoadStrategy: normal, platformName: windows, proxy: Proxy(), se:cdp: ws://localhost:53235/devtoo..., se:cdpVersion: 115.0.1901.203, setWindowRect: true, strictFileInteractability: false, timeouts: {implicit: 0, pageLoad: 300000, script: 30000}, unhandledPromptBehavior: dismiss and notify, webauthn:extension:credBlob: true, webauthn:extension:largeBlob: true, webauthn:extension:minPinLength: true, webauthn:extension:prf: true, webauthn:virtualAuthenticators: true}&#10;Element: [[EdgeDriver: msedge on windows (b57d87a296b1f3e05f81825ce64f7b11)] -&gt; xpath: //button[text()=&apos;ADD TO CART&apos;]]&#10;Session ID: b57d87a296b1f3e05f81825ce64f7b11" type="org.openqa.selenium.StaleElementReferenceException">org.openqa.selenium.StaleElementReferenceException: 
stale element reference: stale element not found
  (Session info: MicrosoftEdge=115.0.1901.203)
For documentation on this error, please visit: https://www.selenium.dev/documentation/webdriver/troubleshooting/errors#stale-element-reference-exception
Build info: version: '4.11.0', revision: '040bc5406b'
System info: os.name: 'Windows 11', os.arch: 'amd64', os.version: '10.0', java.version: '17.0.8'
Driver info: org.openqa.selenium.edge.EdgeDriver
Command: [b57d87a296b1f3e05f81825ce64f7b11, clickElement {id=F3322D8E7AEAE64D36AB9FA5BDED42D0_element_45}]
Capabilities {acceptInsecureCerts: false, browserName: msedge, browserVersion: 115.0.1901.203, ms:edgeOptions: {debuggerAddress: localhost:53235}, msedge: {msedgedriverVersion: 115.0.1901.203 (a5a2b1779bc..., userDataDir: C:\Users\SUJITH~1\AppData\L...}, networkConnectionEnabled: false, pageLoadStrategy: normal, platformName: windows, proxy: Proxy(), se:cdp: ws://localhost:53235/devtoo..., se:cdpVersion: 115.0.1901.203, setWindowRect: true, strictFileInteractability: false, timeouts: {implicit: 0, pageLoad: 300000, script: 30000}, unhandledPromptBehavior: dismiss and notify, webauthn:extension:credBlob: true, webauthn:extension:largeBlob: true, webauthn:extension:minPinLength: true, webauthn:extension:prf: true, webauthn:virtualAuthenticators: true}
Element: [[EdgeDriver: msedge on windows (b57d87a296b1f3e05f81825ce64f7b11)] -> xpath: //button[text()='ADD TO CART']]
Session ID: b57d87a296b1f3e05f81825ce64f7b11
</failure>
    <system-out><![CDATA[
@placeorder
Scenario: Search a product and place the order by checking out                    # src/test/java/features/checkout.feature:13
  Given User is on greencart  landing page                                        # stepDefinitions.Landingpagestepdefinitions.user_is_on_greencart_landing_page()
Brocolliis extracted from home page
  When user searched with shortname Beetroot and extracted actualname of product  # stepDefinitions.Landingpagestepdefinitions.user_searched_with_shortname_and_extracted_actualname_of_product(java.lang.String)
  And added "3" items of the selected product to cart                             # stepDefinitions.Landingpagestepdefinitions.added_items_of_the_selected_product_to_cart(java.lang.String)
      org.openqa.selenium.StaleElementReferenceException: stale element reference: stale element not found
  (Session info: MicrosoftEdge=115.0.1901.203)
For documentation on this error, please visit: https://www.selenium.dev/documentation/webdriver/troubleshooting/errors#stale-element-reference-exception
Build info: version: '4.11.0', revision: '040bc5406b'
System info: os.name: 'Windows 11', os.arch: 'amd64', os.version: '10.0', java.version: '17.0.8'
Driver info: org.openqa.selenium.edge.EdgeDriver
Command: [b57d87a296b1f3e05f81825ce64f7b11, clickElement {id=F3322D8E7AEAE64D36AB9FA5BDED42D0_element_45}]
Capabilities {acceptInsecureCerts: false, browserName: msedge, browserVersion: 115.0.1901.203, ms:edgeOptions: {debuggerAddress: localhost:53235}, msedge: {msedgedriverVersion: 115.0.1901.203 (a5a2b1779bc..., userDataDir: C:\Users\SUJITH~1\AppData\L...}, networkConnectionEnabled: false, pageLoadStrategy: normal, platformName: windows, proxy: Proxy(), se:cdp: ws://localhost:53235/devtoo..., se:cdpVersion: 115.0.1901.203, setWindowRect: true, strictFileInteractability: false, timeouts: {implicit: 0, pageLoad: 300000, script: 30000}, unhandledPromptBehavior: dismiss and notify, webauthn:extension:credBlob: true, webauthn:extension:largeBlob: true, webauthn:extension:minPinLength: true, webauthn:extension:prf: true, webauthn:virtualAuthenticators: true}
Element: [[EdgeDriver: msedge on windows (b57d87a296b1f3e05f81825ce64f7b11)] -> xpath: //button[text()='ADD TO CART']]
Session ID: b57d87a296b1f3e05f81825ce64f7b11
	at java.base/jdk.internal.reflect.NativeConstructorAccessorImpl.newInstance0(Native Method)
	at java.base/jdk.internal.reflect.NativeConstructorAccessorImpl.newInstance(NativeConstructorAccessorImpl.java:77)
	at java.base/jdk.internal.reflect.DelegatingConstructorAccessorImpl.newInstance(DelegatingConstructorAccessorImpl.java:45)
	at java.base/java.lang.reflect.Constructor.newInstanceWithCaller(Constructor.java:499)
	at java.base/java.lang.reflect.Constructor.newInstance(Constructor.java:480)
	at org.openqa.selenium.remote.codec.w3c.W3CHttpResponseCodec.createException(W3CHttpResponseCodec.java:200)
	at org.openqa.selenium.remote.codec.w3c.W3CHttpResponseCodec.decode(W3CHttpResponseCodec.java:133)
	at org.openqa.selenium.remote.codec.w3c.W3CHttpResponseCodec.decode(W3CHttpResponseCodec.java:52)
	at org.openqa.selenium.remote.HttpCommandExecutor.execute(HttpCommandExecutor.java:191)
	at org.openqa.selenium.remote.service.DriverCommandExecutor.invokeExecute(DriverCommandExecutor.java:196)
	at org.openqa.selenium.remote.service.DriverCommandExecutor.execute(DriverCommandExecutor.java:171)
	at org.openqa.selenium.remote.RemoteWebDriver.execute(RemoteWebDriver.java:518)
	at org.openqa.selenium.remote.RemoteWebElement.execute(RemoteWebElement.java:224)
	at org.openqa.selenium.remote.RemoteWebElement.click(RemoteWebElement.java:77)
	at pageObjects.Landingpage.AddtoCart(Landingpage.java:47)
	at stepDefinitions.Landingpagestepdefinitions.added_items_of_the_selected_product_to_cart(Landingpagestepdefinitions.java:51)
	at âœ½.added "3" items of the selected product to cart(file:///C:/Users/sujith%20k%20m/OneDrive/Documents/Automation/CucumberFramework/src/test/java/features/checkout.feature:6)


    Embedding image [image/png 249403 bytes]

  Then user proceeds to checkout and validate the Beetroot items in checkout page # stepDefinitions.CheckoutPagestepdefinitions.user_proceeds_to_checkout_and_validate_the_items_in_checkout_page(java.lang.String)
  And verify user has ability to apply promocode and place the order              # stepDefinitions.CheckoutPagestepdefinitions.verify_user_has_ability_to_apply_promocode_and_place_the_order()
]]></system-out>
    <system-err><![CDATA[SLF4J: Failed to load class "org.slf4j.impl.StaticLoggerBinder".
SLF4J: Defaulting to no-operation (NOP) logger implementation
SLF4J: See http://www.slf4j.org/codes.html#StaticLoggerBinder for further details.
]]></system-err>
  </testcase>
</testsuite>